<?xml version="1.0" encoding="UTF-8"?>
<testng-results skipped="0" failed="1" ignored="0" total="6" passed="5">
  <reporter-output>
  </reporter-output>
  <suite name="All Test Suite" duration-ms="10278" started-at="2022-10-11T00:23:58 EET" finished-at="2022-10-11T00:24:08 EET">
    <groups>
    </groups>
    <test name="Main test" duration-ms="10278" started-at="2022-10-11T00:23:58 EET" finished-at="2022-10-11T00:24:08 EET">
      <class name="ProjectShip.PositionTest">
        <test-method status="PASS" signature="loginCampus()[pri:0, instance:ProjectShip.PositionTest@239963d8]" name="loginCampus" is-config="true" duration-ms="6461" started-at="2022-10-11T00:23:58 EET" finished-at="2022-10-11T00:24:04 EET">
          <reporter-output>
          </reporter-output>
        </test-method> <!-- loginCampus -->
        <test-method status="PASS" signature="createPosition()[pri:0, instance:ProjectShip.PositionTest@239963d8]" name="createPosition" duration-ms="1634" started-at="2022-10-11T00:24:04 EET" finished-at="2022-10-11T00:24:06 EET">
          <reporter-output>
          </reporter-output>
        </test-method> <!-- createPosition -->
        <test-method status="PASS" signature="createPositionNegative()[pri:1, instance:ProjectShip.PositionTest@239963d8]" name="createPositionNegative" duration-ms="484" started-at="2022-10-11T00:24:06 EET" depends-on-methods="ProjectShip.PositionTest.createPosition" finished-at="2022-10-11T00:24:06 EET">
          <reporter-output>
          </reporter-output>
        </test-method> <!-- createPositionNegative -->
        <test-method status="PASS" signature="updatePosition()[pri:2, instance:ProjectShip.PositionTest@239963d8]" name="updatePosition" duration-ms="449" started-at="2022-10-11T00:24:06 EET" depends-on-methods="ProjectShip.PositionTest.createPosition" finished-at="2022-10-11T00:24:07 EET">
          <reporter-output>
          </reporter-output>
        </test-method> <!-- updatePosition -->
        <test-method status="PASS" signature="deletePositionById()[pri:0, instance:ProjectShip.PositionTest@239963d8]" name="deletePositionById" duration-ms="400" started-at="2022-10-11T00:24:07 EET" depends-on-methods="ProjectShip.PositionTest.updatePosition" finished-at="2022-10-11T00:24:07 EET">
          <reporter-output>
          </reporter-output>
        </test-method> <!-- deletePositionById -->
        <test-method status="PASS" signature="UpdatePositionNegative()[pri:1, instance:ProjectShip.PositionTest@239963d8]" name="UpdatePositionNegative" duration-ms="388" started-at="2022-10-11T00:24:07 EET" depends-on-methods="ProjectShip.PositionTest.deletePositionById" finished-at="2022-10-11T00:24:08 EET">
          <reporter-output>
          </reporter-output>
        </test-method> <!-- UpdatePositionNegative -->
        <test-method status="FAIL" signature="deletePositionByIdNegative()[pri:2, instance:ProjectShip.PositionTest@239963d8]" name="deletePositionByIdNegative" duration-ms="392" started-at="2022-10-11T00:24:08 EET" depends-on-methods="ProjectShip.PositionTest.deletePositionById" finished-at="2022-10-11T00:24:08 EET">
          <exception class="java.lang.AssertionError">
            <message>
              <![CDATA[1 expectation failed.
Expected status code <400> but was <204>.
]]>
            </message>
            <full-stacktrace>
              <![CDATA[java.lang.AssertionError: 1 expectation failed.
Expected status code <400> but was <204>.

at sun.reflect.NativeConstructorAccessorImpl.newInstance0(Native Method)
at sun.reflect.NativeConstructorAccessorImpl.newInstance(NativeConstructorAccessorImpl.java:62)
at sun.reflect.DelegatingConstructorAccessorImpl.newInstance(DelegatingConstructorAccessorImpl.java:45)
at java.lang.reflect.Constructor.newInstance(Constructor.java:423)
at org.codehaus.groovy.reflection.CachedConstructor.invoke(CachedConstructor.java:72)
at org.codehaus.groovy.reflection.CachedConstructor.doConstructorInvoke(CachedConstructor.java:59)
at org.codehaus.groovy.runtime.callsite.ConstructorSite$ConstructorSiteNoUnwrap.callConstructor(ConstructorSite.java:84)
at org.codehaus.groovy.runtime.callsite.CallSiteArray.defaultCallConstructor(CallSiteArray.java:59)
at org.codehaus.groovy.runtime.callsite.AbstractCallSite.callConstructor(AbstractCallSite.java:263)
at org.codehaus.groovy.runtime.callsite.AbstractCallSite.callConstructor(AbstractCallSite.java:277)
at io.restassured.internal.ResponseSpecificationImpl$HamcrestAssertionClosure.validate(ResponseSpecificationImpl.groovy:493)
at io.restassured.internal.ResponseSpecificationImpl$HamcrestAssertionClosure$validate$1.call(Unknown Source)
at io.restassured.internal.ResponseSpecificationImpl.validateResponseIfRequired(ResponseSpecificationImpl.groovy:674)
at sun.reflect.NativeMethodAccessorImpl.invoke0(Native Method)
at sun.reflect.NativeMethodAccessorImpl.invoke(NativeMethodAccessorImpl.java:62)
at sun.reflect.DelegatingMethodAccessorImpl.invoke(DelegatingMethodAccessorImpl.java:43)
at java.lang.reflect.Method.invoke(Method.java:498)
at org.codehaus.groovy.runtime.callsite.PlainObjectMetaMethodSite.doInvoke(PlainObjectMetaMethodSite.java:43)
at org.codehaus.groovy.runtime.callsite.PogoMetaMethodSite$PogoCachedMethodSiteNoUnwrapNoCoerce.invoke(PogoMetaMethodSite.java:193)
at org.codehaus.groovy.runtime.callsite.PogoMetaMethodSite.callCurrent(PogoMetaMethodSite.java:61)
at org.codehaus.groovy.runtime.callsite.AbstractCallSite.callCurrent(AbstractCallSite.java:185)
at io.restassured.internal.ResponseSpecificationImpl.statusCode(ResponseSpecificationImpl.groovy:126)
at io.restassured.specification.ResponseSpecification$statusCode$0.callCurrent(Unknown Source)
at io.restassured.internal.ResponseSpecificationImpl.statusCode(ResponseSpecificationImpl.groovy:134)
at io.restassured.internal.ValidatableResponseOptionsImpl.statusCode(ValidatableResponseOptionsImpl.java:89)
at io.restassured.internal.ValidatableResponseImpl.super$2$statusCode(ValidatableResponseImpl.groovy)
at sun.reflect.NativeMethodAccessorImpl.invoke0(Native Method)
at sun.reflect.NativeMethodAccessorImpl.invoke(NativeMethodAccessorImpl.java:62)
at sun.reflect.DelegatingMethodAccessorImpl.invoke(DelegatingMethodAccessorImpl.java:43)
at java.lang.reflect.Method.invoke(Method.java:498)
at org.codehaus.groovy.reflection.CachedMethod.invoke(CachedMethod.java:107)
at groovy.lang.MetaMethod.doMethodInvoke(MetaMethod.java:323)
at groovy.lang.MetaClassImpl.invokeMethod(MetaClassImpl.java:1268)
at org.codehaus.groovy.runtime.ScriptBytecodeAdapter.invokeMethodOnSuperN(ScriptBytecodeAdapter.java:144)
at io.restassured.internal.ValidatableResponseImpl.statusCode(ValidatableResponseImpl.groovy:142)
at io.restassured.internal.ValidatableResponseImpl.statusCode(ValidatableResponseImpl.groovy)
at ProjectShip.PositionTest.deletePositionByIdNegative(PositionTest.java:112)
at sun.reflect.NativeMethodAccessorImpl.invoke0(Native Method)
at sun.reflect.NativeMethodAccessorImpl.invoke(NativeMethodAccessorImpl.java:62)
at sun.reflect.DelegatingMethodAccessorImpl.invoke(DelegatingMethodAccessorImpl.java:43)
at java.lang.reflect.Method.invoke(Method.java:498)
at org.testng.internal.MethodInvocationHelper.invokeMethod(MethodInvocationHelper.java:133)
at org.testng.internal.TestInvoker.invokeMethod(TestInvoker.java:598)
at org.testng.internal.TestInvoker.invokeTestMethod(TestInvoker.java:173)
at org.testng.internal.MethodRunner.runInSequence(MethodRunner.java:46)
at org.testng.internal.TestInvoker$MethodInvocationAgent.invoke(TestInvoker.java:824)
at org.testng.internal.TestInvoker.invokeTestMethods(TestInvoker.java:146)
at org.testng.internal.TestMethodWorker.invokeTestMethods(TestMethodWorker.java:146)
at org.testng.internal.TestMethodWorker.run(TestMethodWorker.java:128)
at java.util.ArrayList.forEach(ArrayList.java:1259)
at org.testng.TestRunner.privateRun(TestRunner.java:794)
at org.testng.TestRunner.run(TestRunner.java:596)
at org.testng.SuiteRunner.runTest(SuiteRunner.java:377)
at org.testng.SuiteRunner.runSequentially(SuiteRunner.java:371)
at org.testng.SuiteRunner.privateRun(SuiteRunner.java:332)
at org.testng.SuiteRunner.run(SuiteRunner.java:276)
at org.testng.SuiteRunnerWorker.runSuite(SuiteRunnerWorker.java:53)
at org.testng.SuiteRunnerWorker.run(SuiteRunnerWorker.java:96)
at org.testng.TestNG.runSuitesSequentially(TestNG.java:1212)
at org.testng.TestNG.runSuitesLocally(TestNG.java:1134)
at org.testng.TestNG.runSuites(TestNG.java:1063)
at org.testng.TestNG.run(TestNG.java:1031)
at org.apache.maven.surefire.testng.TestNGExecutor.run(TestNGExecutor.java:283)
at org.apache.maven.surefire.testng.TestNGXmlTestSuite.execute(TestNGXmlTestSuite.java:75)
at org.apache.maven.surefire.testng.TestNGProvider.invoke(TestNGProvider.java:120)
at org.apache.maven.surefire.booter.ForkedBooter.invokeProviderInSameClassLoader(ForkedBooter.java:384)
at org.apache.maven.surefire.booter.ForkedBooter.runSuitesInProcess(ForkedBooter.java:345)
at org.apache.maven.surefire.booter.ForkedBooter.execute(ForkedBooter.java:126)
at org.apache.maven.surefire.booter.ForkedBooter.main(ForkedBooter.java:418)
]]>
            </full-stacktrace>
          </exception> <!-- java.lang.AssertionError -->
          <reporter-output>
          </reporter-output>
        </test-method> <!-- deletePositionByIdNegative -->
      </class> <!-- ProjectShip.PositionTest -->
    </test> <!-- Main test -->
  </suite> <!-- All Test Suite -->
</testng-results>
